<?xml version="1.0" encoding="UTF-8"?>
<testng-results ignored="0" total="1" passed="1" failed="0" skipped="0">
  <reporter-output>
  </reporter-output>
  <suite started-at="2024-03-13T16:05:42 IST" name="Default suite" finished-at="2024-03-13T16:05:47 IST" duration-ms="4878">
    <groups>
    </groups>
    <test started-at="2024-03-13T16:05:42 IST" name="Default test" finished-at="2024-03-13T16:05:47 IST" duration-ms="4878">
      <class name="asn.Report.ExtentReport">
        <test-method signature="initializeDemo()[pri:0, instance:asn.Report.ExtentReport@26e356f0]" started-at="2024-03-13T16:05:43 IST" name="initializeDemo" finished-at="2024-03-13T16:05:47 IST" duration-ms="4787" status="PASS">
          <reporter-output>
          </reporter-output>
        </test-method> <!-- initializeDemo -->
      </class> <!-- asn.Report.ExtentReport -->
    </test> <!-- Default test -->
  </suite> <!-- Default suite -->
</testng-results>
